# Branch-heavy workload with alternating and periodic control-flow patterns.
ALU 0x600000
BRANCH 0x600004 T
LOAD 0x600008 0x300000
ALU 0x60000c
BRANCH 0x600010 T
STORE 0x600014 0x301000
ALU 0x600000
BRANCH 0x600004 N
LOAD 0x600008 0x300020
ALU 0x60000c
BRANCH 0x600010 T
STORE 0x600014 0x301040
ALU 0x600000
BRANCH 0x600004 T
LOAD 0x600008 0x300040
ALU 0x60000c
BRANCH 0x600010 T
STORE 0x600014 0x301080
ALU 0x600000
BRANCH 0x600004 N
LOAD 0x600008 0x300060
ALU 0x60000c
BRANCH 0x600010 N
STORE 0x600014 0x3010c0
ALU 0x600000
BRANCH 0x600004 T
LOAD 0x600008 0x300080
ALU 0x60000c
BRANCH 0x600010 T
STORE 0x600014 0x301100
ALU 0x600000
BRANCH 0x600004 N
LOAD 0x600008 0x3000a0
ALU 0x60000c
BRANCH 0x600010 T
STORE 0x600014 0x301140
ALU 0x600000
BRANCH 0x600004 T
LOAD 0x600008 0x3000c0
ALU 0x60000c
BRANCH 0x600010 T
STORE 0x600014 0x301180
ALU 0x600000
BRANCH 0x600004 N
LOAD 0x600008 0x3000e0
ALU 0x60000c
BRANCH 0x600010 N
STORE 0x600014 0x3011c0
ALU 0x600000
BRANCH 0x600004 T
LOAD 0x600008 0x300100
ALU 0x60000c
BRANCH 0x600010 T
STORE 0x600014 0x301200
ALU 0x600000
BRANCH 0x600004 N
LOAD 0x600008 0x300120
ALU 0x60000c
BRANCH 0x600010 T
STORE 0x600014 0x301240
ALU 0x600000
BRANCH 0x600004 T
LOAD 0x600008 0x300140
ALU 0x60000c
BRANCH 0x600010 T
STORE 0x600014 0x301280
ALU 0x600000
BRANCH 0x600004 N
LOAD 0x600008 0x300160
ALU 0x60000c
BRANCH 0x600010 N
STORE 0x600014 0x3012c0
ALU 0x600000
BRANCH 0x600004 T
LOAD 0x600008 0x300180
ALU 0x60000c
BRANCH 0x600010 T
STORE 0x600014 0x301300
ALU 0x600000
BRANCH 0x600004 N
LOAD 0x600008 0x3001a0
ALU 0x60000c
BRANCH 0x600010 T
STORE 0x600014 0x301340
ALU 0x600000
BRANCH 0x600004 T
LOAD 0x600008 0x3001c0
ALU 0x60000c
BRANCH 0x600010 T
STORE 0x600014 0x301380
ALU 0x600000
BRANCH 0x600004 N
LOAD 0x600008 0x3001e0
ALU 0x60000c
BRANCH 0x600010 N
STORE 0x600014 0x3013c0
ALU 0x600000
BRANCH 0x600004 T
LOAD 0x600008 0x300200
ALU 0x60000c
BRANCH 0x600010 T
STORE 0x600014 0x301400
ALU 0x600000
BRANCH 0x600004 N
LOAD 0x600008 0x300220
ALU 0x60000c
BRANCH 0x600010 T
STORE 0x600014 0x301440
ALU 0x600000
BRANCH 0x600004 T
LOAD 0x600008 0x300240
ALU 0x60000c
BRANCH 0x600010 T
STORE 0x600014 0x301480
ALU 0x600000
BRANCH 0x600004 N
LOAD 0x600008 0x300260
ALU 0x60000c
BRANCH 0x600010 N
STORE 0x600014 0x3014c0
ALU 0x600000
BRANCH 0x600004 T
LOAD 0x600008 0x300280
ALU 0x60000c
BRANCH 0x600010 T
STORE 0x600014 0x301500
ALU 0x600000
BRANCH 0x600004 N
LOAD 0x600008 0x3002a0
ALU 0x60000c
BRANCH 0x600010 T
STORE 0x600014 0x301540
ALU 0x600000
BRANCH 0x600004 T
LOAD 0x600008 0x3002c0
ALU 0x60000c
BRANCH 0x600010 T
STORE 0x600014 0x301580
ALU 0x600000
BRANCH 0x600004 N
LOAD 0x600008 0x3002e0
ALU 0x60000c
BRANCH 0x600010 N
STORE 0x600014 0x3015c0
ALU 0x600000
BRANCH 0x600004 T
LOAD 0x600008 0x300300
ALU 0x60000c
BRANCH 0x600010 T
STORE 0x600014 0x301600
ALU 0x600000
BRANCH 0x600004 N
LOAD 0x600008 0x300320
ALU 0x60000c
BRANCH 0x600010 T
STORE 0x600014 0x301640
ALU 0x600000
BRANCH 0x600004 T
LOAD 0x600008 0x300340
ALU 0x60000c
BRANCH 0x600010 T
STORE 0x600014 0x301680
ALU 0x600000
BRANCH 0x600004 N
LOAD 0x600008 0x300360
ALU 0x60000c
BRANCH 0x600010 N
STORE 0x600014 0x3016c0
ALU 0x600000
BRANCH 0x600004 T
LOAD 0x600008 0x300380
ALU 0x60000c
BRANCH 0x600010 T
STORE 0x600014 0x301700
ALU 0x600000
BRANCH 0x600004 N
LOAD 0x600008 0x3003a0
ALU 0x60000c
BRANCH 0x600010 T
STORE 0x600014 0x301740
ALU 0x600000
BRANCH 0x600004 T
LOAD 0x600008 0x3003c0
ALU 0x60000c
BRANCH 0x600010 T
STORE 0x600014 0x301780
ALU 0x600000
BRANCH 0x600004 N
LOAD 0x600008 0x3003e0
ALU 0x60000c
BRANCH 0x600010 N
STORE 0x600014 0x3017c0
ALU 0x600000
BRANCH 0x600004 T
LOAD 0x600008 0x300400
ALU 0x60000c
BRANCH 0x600010 T
STORE 0x600014 0x301000
ALU 0x600000
BRANCH 0x600004 N
LOAD 0x600008 0x300420
ALU 0x60000c
BRANCH 0x600010 T
STORE 0x600014 0x301040
ALU 0x600000
BRANCH 0x600004 T
LOAD 0x600008 0x300440
ALU 0x60000c
BRANCH 0x600010 T
STORE 0x600014 0x301080
ALU 0x600000
BRANCH 0x600004 N
LOAD 0x600008 0x300460
ALU 0x60000c
BRANCH 0x600010 N
STORE 0x600014 0x3010c0
ALU 0x600000
BRANCH 0x600004 T
LOAD 0x600008 0x300480
ALU 0x60000c
BRANCH 0x600010 T
STORE 0x600014 0x301100
ALU 0x600000
BRANCH 0x600004 N
LOAD 0x600008 0x3004a0
ALU 0x60000c
BRANCH 0x600010 T
STORE 0x600014 0x301140
ALU 0x600000
BRANCH 0x600004 T
LOAD 0x600008 0x3004c0
ALU 0x60000c
BRANCH 0x600010 T
STORE 0x600014 0x301180
ALU 0x600000
BRANCH 0x600004 N
LOAD 0x600008 0x3004e0
ALU 0x60000c
BRANCH 0x600010 N
STORE 0x600014 0x3011c0
ALU 0x600000
BRANCH 0x600004 T
LOAD 0x600008 0x300500
ALU 0x60000c
BRANCH 0x600010 T
STORE 0x600014 0x301200
ALU 0x600000
BRANCH 0x600004 N
LOAD 0x600008 0x300520
ALU 0x60000c
BRANCH 0x600010 T
STORE 0x600014 0x301240
ALU 0x600000
BRANCH 0x600004 T
LOAD 0x600008 0x300540
ALU 0x60000c
BRANCH 0x600010 T
STORE 0x600014 0x301280
ALU 0x600000
BRANCH 0x600004 N
LOAD 0x600008 0x300560
ALU 0x60000c
BRANCH 0x600010 N
STORE 0x600014 0x3012c0
ALU 0x600000
BRANCH 0x600004 T
LOAD 0x600008 0x300580
ALU 0x60000c
BRANCH 0x600010 T
STORE 0x600014 0x301300
ALU 0x600000
BRANCH 0x600004 N
LOAD 0x600008 0x3005a0
ALU 0x60000c
BRANCH 0x600010 T
STORE 0x600014 0x301340
ALU 0x600000
BRANCH 0x600004 T
LOAD 0x600008 0x3005c0
ALU 0x60000c
BRANCH 0x600010 T
STORE 0x600014 0x301380
ALU 0x600000
BRANCH 0x600004 N
LOAD 0x600008 0x3005e0
ALU 0x60000c
BRANCH 0x600010 N
STORE 0x600014 0x3013c0
ALU 0x600000
BRANCH 0x600004 T
LOAD 0x600008 0x300600
ALU 0x60000c
BRANCH 0x600010 T
STORE 0x600014 0x301400
ALU 0x600000
BRANCH 0x600004 N
LOAD 0x600008 0x300620
ALU 0x60000c
BRANCH 0x600010 T
STORE 0x600014 0x301440
ALU 0x600000
BRANCH 0x600004 T
LOAD 0x600008 0x300640
ALU 0x60000c
BRANCH 0x600010 T
STORE 0x600014 0x301480
ALU 0x600000
BRANCH 0x600004 N
LOAD 0x600008 0x300660
ALU 0x60000c
BRANCH 0x600010 N
STORE 0x600014 0x3014c0
ALU 0x600000
BRANCH 0x600004 T
LOAD 0x600008 0x300680
ALU 0x60000c
BRANCH 0x600010 T
STORE 0x600014 0x301500
ALU 0x600000
BRANCH 0x600004 N
LOAD 0x600008 0x3006a0
ALU 0x60000c
BRANCH 0x600010 T
STORE 0x600014 0x301540
ALU 0x600000
BRANCH 0x600004 T
LOAD 0x600008 0x3006c0
ALU 0x60000c
BRANCH 0x600010 T
STORE 0x600014 0x301580
ALU 0x600000
BRANCH 0x600004 N
LOAD 0x600008 0x3006e0
ALU 0x60000c
BRANCH 0x600010 N
STORE 0x600014 0x3015c0
ALU 0x600000
BRANCH 0x600004 T
LOAD 0x600008 0x300700
ALU 0x60000c
BRANCH 0x600010 T
STORE 0x600014 0x301600
ALU 0x600000
BRANCH 0x600004 N
LOAD 0x600008 0x300720
ALU 0x60000c
BRANCH 0x600010 T
STORE 0x600014 0x301640
ALU 0x600000
BRANCH 0x600004 T
LOAD 0x600008 0x300740
ALU 0x60000c
BRANCH 0x600010 T
STORE 0x600014 0x301680
ALU 0x600000
BRANCH 0x600004 N
LOAD 0x600008 0x300760
ALU 0x60000c
BRANCH 0x600010 N
STORE 0x600014 0x3016c0
ALU 0x600000
BRANCH 0x600004 T
LOAD 0x600008 0x300780
ALU 0x60000c
BRANCH 0x600010 T
STORE 0x600014 0x301700
ALU 0x600000
BRANCH 0x600004 N
LOAD 0x600008 0x3007a0
ALU 0x60000c
BRANCH 0x600010 T
STORE 0x600014 0x301740
ALU 0x600000
BRANCH 0x600004 T
LOAD 0x600008 0x3007c0
ALU 0x60000c
BRANCH 0x600010 T
STORE 0x600014 0x301780
ALU 0x600000
BRANCH 0x600004 N
LOAD 0x600008 0x3007e0
ALU 0x60000c
BRANCH 0x600010 N
STORE 0x600014 0x3017c0
ALU 0x600000
BRANCH 0x600004 T
LOAD 0x600008 0x300000
ALU 0x60000c
BRANCH 0x600010 T
STORE 0x600014 0x301000
ALU 0x600000
BRANCH 0x600004 N
LOAD 0x600008 0x300020
ALU 0x60000c
BRANCH 0x600010 T
STORE 0x600014 0x301040
ALU 0x600000
BRANCH 0x600004 T
LOAD 0x600008 0x300040
ALU 0x60000c
BRANCH 0x600010 T
STORE 0x600014 0x301080
ALU 0x600000
BRANCH 0x600004 N
LOAD 0x600008 0x300060
ALU 0x60000c
BRANCH 0x600010 N
STORE 0x600014 0x3010c0
ALU 0x600000
BRANCH 0x600004 T
LOAD 0x600008 0x300080
ALU 0x60000c
BRANCH 0x600010 T
STORE 0x600014 0x301100
ALU 0x600000
BRANCH 0x600004 N
LOAD 0x600008 0x3000a0
ALU 0x60000c
BRANCH 0x600010 T
STORE 0x600014 0x301140
ALU 0x600000
BRANCH 0x600004 T
LOAD 0x600008 0x3000c0
ALU 0x60000c
BRANCH 0x600010 T
STORE 0x600014 0x301180
ALU 0x600000
BRANCH 0x600004 N
LOAD 0x600008 0x3000e0
ALU 0x60000c
BRANCH 0x600010 N
STORE 0x600014 0x3011c0
ALU 0x600000
BRANCH 0x600004 T
LOAD 0x600008 0x300100
ALU 0x60000c
BRANCH 0x600010 T
STORE 0x600014 0x301200
ALU 0x600000
BRANCH 0x600004 N
LOAD 0x600008 0x300120
ALU 0x60000c
BRANCH 0x600010 T
STORE 0x600014 0x301240
ALU 0x600000
BRANCH 0x600004 T
LOAD 0x600008 0x300140
ALU 0x60000c
BRANCH 0x600010 T
STORE 0x600014 0x301280
ALU 0x600000
BRANCH 0x600004 N
LOAD 0x600008 0x300160
ALU 0x60000c
BRANCH 0x600010 N
STORE 0x600014 0x3012c0
ALU 0x600000
BRANCH 0x600004 T
LOAD 0x600008 0x300180
ALU 0x60000c
BRANCH 0x600010 T
STORE 0x600014 0x301300
ALU 0x600000
BRANCH 0x600004 N
LOAD 0x600008 0x3001a0
ALU 0x60000c
BRANCH 0x600010 T
STORE 0x600014 0x301340
ALU 0x600000
BRANCH 0x600004 T
LOAD 0x600008 0x3001c0
ALU 0x60000c
BRANCH 0x600010 T
STORE 0x600014 0x301380
ALU 0x600000
BRANCH 0x600004 N
LOAD 0x600008 0x3001e0
ALU 0x60000c
BRANCH 0x600010 N
STORE 0x600014 0x3013c0
ALU 0x600000
BRANCH 0x600004 T
LOAD 0x600008 0x300200
ALU 0x60000c
BRANCH 0x600010 T
STORE 0x600014 0x301400
ALU 0x600000
BRANCH 0x600004 N
LOAD 0x600008 0x300220
ALU 0x60000c
BRANCH 0x600010 T
STORE 0x600014 0x301440
ALU 0x600000
BRANCH 0x600004 T
LOAD 0x600008 0x300240
ALU 0x60000c
BRANCH 0x600010 T
STORE 0x600014 0x301480
ALU 0x600000
BRANCH 0x600004 N
LOAD 0x600008 0x300260
ALU 0x60000c
BRANCH 0x600010 N
STORE 0x600014 0x3014c0
ALU 0x600000
BRANCH 0x600004 T
LOAD 0x600008 0x300280
ALU 0x60000c
BRANCH 0x600010 T
STORE 0x600014 0x301500
ALU 0x600000
BRANCH 0x600004 N
LOAD 0x600008 0x3002a0
ALU 0x60000c
BRANCH 0x600010 T
STORE 0x600014 0x301540
ALU 0x600000
BRANCH 0x600004 T
LOAD 0x600008 0x3002c0
ALU 0x60000c
BRANCH 0x600010 T
STORE 0x600014 0x301580
ALU 0x600000
BRANCH 0x600004 N
LOAD 0x600008 0x3002e0
ALU 0x60000c
BRANCH 0x600010 N
STORE 0x600014 0x3015c0
ALU 0x600000
BRANCH 0x600004 T
LOAD 0x600008 0x300300
ALU 0x60000c
BRANCH 0x600010 T
STORE 0x600014 0x301600
ALU 0x600000
BRANCH 0x600004 N
LOAD 0x600008 0x300320
ALU 0x60000c
BRANCH 0x600010 T
STORE 0x600014 0x301640
ALU 0x600000
BRANCH 0x600004 T
LOAD 0x600008 0x300340
ALU 0x60000c
BRANCH 0x600010 T
STORE 0x600014 0x301680
ALU 0x600000
BRANCH 0x600004 N
LOAD 0x600008 0x300360
ALU 0x60000c
BRANCH 0x600010 N
STORE 0x600014 0x3016c0
ALU 0x600000
BRANCH 0x600004 T
LOAD 0x600008 0x300380
ALU 0x60000c
BRANCH 0x600010 T
STORE 0x600014 0x301700
ALU 0x600000
BRANCH 0x600004 N
LOAD 0x600008 0x3003a0
ALU 0x60000c
BRANCH 0x600010 T
STORE 0x600014 0x301740
ALU 0x600000
BRANCH 0x600004 T
LOAD 0x600008 0x3003c0
ALU 0x60000c
BRANCH 0x600010 T
STORE 0x600014 0x301780
ALU 0x600000
BRANCH 0x600004 N
LOAD 0x600008 0x3003e0
ALU 0x60000c
BRANCH 0x600010 N
STORE 0x600014 0x3017c0
ALU 0x600000
BRANCH 0x600004 T
LOAD 0x600008 0x300400
ALU 0x60000c
BRANCH 0x600010 T
STORE 0x600014 0x301000
ALU 0x600000
BRANCH 0x600004 N
LOAD 0x600008 0x300420
ALU 0x60000c
BRANCH 0x600010 T
STORE 0x600014 0x301040
ALU 0x600000
BRANCH 0x600004 T
LOAD 0x600008 0x300440
ALU 0x60000c
BRANCH 0x600010 T
STORE 0x600014 0x301080
ALU 0x600000
BRANCH 0x600004 N
LOAD 0x600008 0x300460
ALU 0x60000c
BRANCH 0x600010 N
STORE 0x600014 0x3010c0
ALU 0x600000
BRANCH 0x600004 T
LOAD 0x600008 0x300480
ALU 0x60000c
BRANCH 0x600010 T
STORE 0x600014 0x301100
ALU 0x600000
BRANCH 0x600004 N
LOAD 0x600008 0x3004a0
ALU 0x60000c
BRANCH 0x600010 T
STORE 0x600014 0x301140
ALU 0x600000
BRANCH 0x600004 T
LOAD 0x600008 0x3004c0
ALU 0x60000c
BRANCH 0x600010 T
STORE 0x600014 0x301180
ALU 0x600000
BRANCH 0x600004 N
LOAD 0x600008 0x3004e0
ALU 0x60000c
BRANCH 0x600010 N
STORE 0x600014 0x3011c0
ALU 0x600000
BRANCH 0x600004 T
LOAD 0x600008 0x300500
ALU 0x60000c
BRANCH 0x600010 T
STORE 0x600014 0x301200
ALU 0x600000
BRANCH 0x600004 N
LOAD 0x600008 0x300520
ALU 0x60000c
BRANCH 0x600010 T
STORE 0x600014 0x301240
ALU 0x600000
BRANCH 0x600004 T
LOAD 0x600008 0x300540
ALU 0x60000c
BRANCH 0x600010 T
STORE 0x600014 0x301280
ALU 0x600000
BRANCH 0x600004 N
LOAD 0x600008 0x300560
ALU 0x60000c
BRANCH 0x600010 N
STORE 0x600014 0x3012c0
ALU 0x600000
BRANCH 0x600004 T
LOAD 0x600008 0x300580
ALU 0x60000c
BRANCH 0x600010 T
STORE 0x600014 0x301300
ALU 0x600000
BRANCH 0x600004 N
LOAD 0x600008 0x3005a0
ALU 0x60000c
BRANCH 0x600010 T
STORE 0x600014 0x301340
ALU 0x600000
BRANCH 0x600004 T
LOAD 0x600008 0x3005c0
ALU 0x60000c
BRANCH 0x600010 T
STORE 0x600014 0x301380
ALU 0x600000
BRANCH 0x600004 N
LOAD 0x600008 0x3005e0
ALU 0x60000c
BRANCH 0x600010 N
STORE 0x600014 0x3013c0
ALU 0x600000
BRANCH 0x600004 T
LOAD 0x600008 0x300600
ALU 0x60000c
BRANCH 0x600010 T
STORE 0x600014 0x301400
ALU 0x600000
BRANCH 0x600004 N
LOAD 0x600008 0x300620
ALU 0x60000c
BRANCH 0x600010 T
STORE 0x600014 0x301440
ALU 0x600000
BRANCH 0x600004 T
LOAD 0x600008 0x300640
ALU 0x60000c
BRANCH 0x600010 T
STORE 0x600014 0x301480
ALU 0x600000
BRANCH 0x600004 N
LOAD 0x600008 0x300660
ALU 0x60000c
BRANCH 0x600010 N
STORE 0x600014 0x3014c0
ALU 0x600000
BRANCH 0x600004 T
LOAD 0x600008 0x300680
ALU 0x60000c
BRANCH 0x600010 T
STORE 0x600014 0x301500
ALU 0x600000
BRANCH 0x600004 N
LOAD 0x600008 0x3006a0
ALU 0x60000c
BRANCH 0x600010 T
STORE 0x600014 0x301540
ALU 0x600000
BRANCH 0x600004 T
LOAD 0x600008 0x3006c0
ALU 0x60000c
BRANCH 0x600010 T
STORE 0x600014 0x301580
ALU 0x600000
BRANCH 0x600004 N
LOAD 0x600008 0x3006e0
ALU 0x60000c
BRANCH 0x600010 N
STORE 0x600014 0x3015c0
ALU 0x600000
BRANCH 0x600004 T
LOAD 0x600008 0x300700
ALU 0x60000c
BRANCH 0x600010 T
STORE 0x600014 0x301600
ALU 0x600000
BRANCH 0x600004 N
LOAD 0x600008 0x300720
ALU 0x60000c
BRANCH 0x600010 T
STORE 0x600014 0x301640
ALU 0x600000
BRANCH 0x600004 T
LOAD 0x600008 0x300740
ALU 0x60000c
BRANCH 0x600010 T
STORE 0x600014 0x301680
ALU 0x600000
BRANCH 0x600004 N
LOAD 0x600008 0x300760
ALU 0x60000c
BRANCH 0x600010 N
STORE 0x600014 0x3016c0
ALU 0x600000
BRANCH 0x600004 T
LOAD 0x600008 0x300780
ALU 0x60000c
BRANCH 0x600010 T
STORE 0x600014 0x301700
ALU 0x600000
BRANCH 0x600004 N
LOAD 0x600008 0x3007a0
ALU 0x60000c
BRANCH 0x600010 T
STORE 0x600014 0x301740
ALU 0x600000
BRANCH 0x600004 T
LOAD 0x600008 0x3007c0
ALU 0x60000c
BRANCH 0x600010 T
STORE 0x600014 0x301780
ALU 0x600000
BRANCH 0x600004 N
LOAD 0x600008 0x3007e0
ALU 0x60000c
BRANCH 0x600010 N
STORE 0x600014 0x3017c0
ALU 0x600000
BRANCH 0x600004 T
LOAD 0x600008 0x300000
ALU 0x60000c
BRANCH 0x600010 T
STORE 0x600014 0x301000
ALU 0x600000
BRANCH 0x600004 N
LOAD 0x600008 0x300020
ALU 0x60000c
BRANCH 0x600010 T
STORE 0x600014 0x301040
ALU 0x600000
BRANCH 0x600004 T
LOAD 0x600008 0x300040
ALU 0x60000c
BRANCH 0x600010 T
STORE 0x600014 0x301080
ALU 0x600000
BRANCH 0x600004 N
LOAD 0x600008 0x300060
ALU 0x60000c
BRANCH 0x600010 N
STORE 0x600014 0x3010c0
ALU 0x600000
BRANCH 0x600004 T
LOAD 0x600008 0x300080
ALU 0x60000c
BRANCH 0x600010 T
STORE 0x600014 0x301100
ALU 0x600000
BRANCH 0x600004 N
LOAD 0x600008 0x3000a0
ALU 0x60000c
BRANCH 0x600010 T
STORE 0x600014 0x301140
ALU 0x600000
BRANCH 0x600004 T
LOAD 0x600008 0x3000c0
ALU 0x60000c
BRANCH 0x600010 T
STORE 0x600014 0x301180
ALU 0x600000
BRANCH 0x600004 N
LOAD 0x600008 0x3000e0
ALU 0x60000c
BRANCH 0x600010 N
STORE 0x600014 0x3011c0
ALU 0x600000
BRANCH 0x600004 T
LOAD 0x600008 0x300100
ALU 0x60000c
BRANCH 0x600010 T
STORE 0x600014 0x301200
ALU 0x600000
BRANCH 0x600004 N
LOAD 0x600008 0x300120
ALU 0x60000c
BRANCH 0x600010 T
STORE 0x600014 0x301240
ALU 0x600000
BRANCH 0x600004 T
LOAD 0x600008 0x300140
ALU 0x60000c
BRANCH 0x600010 T
STORE 0x600014 0x301280
ALU 0x600000
BRANCH 0x600004 N
LOAD 0x600008 0x300160
ALU 0x60000c
BRANCH 0x600010 N
STORE 0x600014 0x3012c0
ALU 0x600000
BRANCH 0x600004 T
LOAD 0x600008 0x300180
ALU 0x60000c
BRANCH 0x600010 T
STORE 0x600014 0x301300
ALU 0x600000
BRANCH 0x600004 N
LOAD 0x600008 0x3001a0
ALU 0x60000c
BRANCH 0x600010 T
STORE 0x600014 0x301340
ALU 0x600000
BRANCH 0x600004 T
LOAD 0x600008 0x3001c0
ALU 0x60000c
BRANCH 0x600010 T
STORE 0x600014 0x301380
ALU 0x600000
BRANCH 0x600004 N
LOAD 0x600008 0x3001e0
ALU 0x60000c
BRANCH 0x600010 N
STORE 0x600014 0x3013c0
ALU 0x600000
BRANCH 0x600004 T
LOAD 0x600008 0x300200
ALU 0x60000c
BRANCH 0x600010 T
STORE 0x600014 0x301400
ALU 0x600000
BRANCH 0x600004 N
LOAD 0x600008 0x300220
ALU 0x60000c
BRANCH 0x600010 T
STORE 0x600014 0x301440
ALU 0x600000
BRANCH 0x600004 T
LOAD 0x600008 0x300240
ALU 0x60000c
BRANCH 0x600010 T
STORE 0x600014 0x301480
ALU 0x600000
BRANCH 0x600004 N
LOAD 0x600008 0x300260
ALU 0x60000c
BRANCH 0x600010 N
STORE 0x600014 0x3014c0
ALU 0x600000
BRANCH 0x600004 T
LOAD 0x600008 0x300280
ALU 0x60000c
BRANCH 0x600010 T
STORE 0x600014 0x301500
ALU 0x600000
BRANCH 0x600004 N
LOAD 0x600008 0x3002a0
ALU 0x60000c
BRANCH 0x600010 T
STORE 0x600014 0x301540
ALU 0x600000
BRANCH 0x600004 T
LOAD 0x600008 0x3002c0
ALU 0x60000c
BRANCH 0x600010 T
STORE 0x600014 0x301580
ALU 0x600000
BRANCH 0x600004 N
LOAD 0x600008 0x3002e0
ALU 0x60000c
BRANCH 0x600010 N
STORE 0x600014 0x3015c0
ALU 0x600000
BRANCH 0x600004 T
LOAD 0x600008 0x300300
ALU 0x60000c
BRANCH 0x600010 T
STORE 0x600014 0x301600
ALU 0x600000
BRANCH 0x600004 N
LOAD 0x600008 0x300320
ALU 0x60000c
BRANCH 0x600010 T
STORE 0x600014 0x301640
ALU 0x600000
BRANCH 0x600004 T
LOAD 0x600008 0x300340
ALU 0x60000c
BRANCH 0x600010 T
STORE 0x600014 0x301680
ALU 0x600000
BRANCH 0x600004 N
LOAD 0x600008 0x300360
ALU 0x60000c
BRANCH 0x600010 N
STORE 0x600014 0x3016c0
ALU 0x600000
BRANCH 0x600004 T
LOAD 0x600008 0x300380
ALU 0x60000c
BRANCH 0x600010 T
STORE 0x600014 0x301700
ALU 0x600000
BRANCH 0x600004 N
LOAD 0x600008 0x3003a0
ALU 0x60000c
BRANCH 0x600010 T
STORE 0x600014 0x301740
ALU 0x600000
BRANCH 0x600004 T
LOAD 0x600008 0x3003c0
ALU 0x60000c
BRANCH 0x600010 T
STORE 0x600014 0x301780
ALU 0x600000
BRANCH 0x600004 N
LOAD 0x600008 0x3003e0
ALU 0x60000c
BRANCH 0x600010 N
STORE 0x600014 0x3017c0
