# Cache-conflict workload that repeatedly targets the same default L1 set.
LOAD 0x500000 0x200000
LOAD 0x500004 0x204000
LOAD 0x500008 0x208000
LOAD 0x50000c 0x20c000
LOAD 0x500010 0x210000
LOAD 0x500014 0x214000
ALU 0x500018
BRANCH 0x50001c T
LOAD 0x500000 0x200040
LOAD 0x500004 0x204040
LOAD 0x500008 0x208040
LOAD 0x50000c 0x20c040
LOAD 0x500010 0x210040
LOAD 0x500014 0x214040
ALU 0x500018
BRANCH 0x50001c T
LOAD 0x500000 0x200080
LOAD 0x500004 0x204080
LOAD 0x500008 0x208080
LOAD 0x50000c 0x20c080
LOAD 0x500010 0x210080
LOAD 0x500014 0x214080
ALU 0x500018
BRANCH 0x50001c T
LOAD 0x500000 0x2000c0
LOAD 0x500004 0x2040c0
LOAD 0x500008 0x2080c0
LOAD 0x50000c 0x20c0c0
LOAD 0x500010 0x2100c0
LOAD 0x500014 0x2140c0
ALU 0x500018
BRANCH 0x50001c T
LOAD 0x500000 0x200000
LOAD 0x500004 0x204000
LOAD 0x500008 0x208000
LOAD 0x50000c 0x20c000
LOAD 0x500010 0x210000
LOAD 0x500014 0x214000
ALU 0x500018
BRANCH 0x50001c T
LOAD 0x500000 0x200040
LOAD 0x500004 0x204040
LOAD 0x500008 0x208040
LOAD 0x50000c 0x20c040
LOAD 0x500010 0x210040
LOAD 0x500014 0x214040
ALU 0x500018
BRANCH 0x50001c T
LOAD 0x500000 0x200080
LOAD 0x500004 0x204080
LOAD 0x500008 0x208080
LOAD 0x50000c 0x20c080
LOAD 0x500010 0x210080
LOAD 0x500014 0x214080
ALU 0x500018
BRANCH 0x50001c T
LOAD 0x500000 0x2000c0
LOAD 0x500004 0x2040c0
LOAD 0x500008 0x2080c0
LOAD 0x50000c 0x20c0c0
LOAD 0x500010 0x2100c0
LOAD 0x500014 0x2140c0
ALU 0x500018
BRANCH 0x50001c T
LOAD 0x500000 0x200000
LOAD 0x500004 0x204000
LOAD 0x500008 0x208000
LOAD 0x50000c 0x20c000
LOAD 0x500010 0x210000
LOAD 0x500014 0x214000
ALU 0x500018
BRANCH 0x50001c T
LOAD 0x500000 0x200040
LOAD 0x500004 0x204040
LOAD 0x500008 0x208040
LOAD 0x50000c 0x20c040
LOAD 0x500010 0x210040
LOAD 0x500014 0x214040
ALU 0x500018
BRANCH 0x50001c T
LOAD 0x500000 0x200080
LOAD 0x500004 0x204080
LOAD 0x500008 0x208080
LOAD 0x50000c 0x20c080
LOAD 0x500010 0x210080
LOAD 0x500014 0x214080
ALU 0x500018
BRANCH 0x50001c T
LOAD 0x500000 0x2000c0
LOAD 0x500004 0x2040c0
LOAD 0x500008 0x2080c0
LOAD 0x50000c 0x20c0c0
LOAD 0x500010 0x2100c0
LOAD 0x500014 0x2140c0
ALU 0x500018
BRANCH 0x50001c T
LOAD 0x500000 0x200000
LOAD 0x500004 0x204000
LOAD 0x500008 0x208000
LOAD 0x50000c 0x20c000
LOAD 0x500010 0x210000
LOAD 0x500014 0x214000
ALU 0x500018
BRANCH 0x50001c T
LOAD 0x500000 0x200040
LOAD 0x500004 0x204040
LOAD 0x500008 0x208040
LOAD 0x50000c 0x20c040
LOAD 0x500010 0x210040
LOAD 0x500014 0x214040
ALU 0x500018
BRANCH 0x50001c T
LOAD 0x500000 0x200080
LOAD 0x500004 0x204080
LOAD 0x500008 0x208080
LOAD 0x50000c 0x20c080
LOAD 0x500010 0x210080
LOAD 0x500014 0x214080
ALU 0x500018
BRANCH 0x50001c T
LOAD 0x500000 0x2000c0
LOAD 0x500004 0x2040c0
LOAD 0x500008 0x2080c0
LOAD 0x50000c 0x20c0c0
LOAD 0x500010 0x2100c0
LOAD 0x500014 0x2140c0
ALU 0x500018
BRANCH 0x50001c T
LOAD 0x500000 0x200000
LOAD 0x500004 0x204000
LOAD 0x500008 0x208000
LOAD 0x50000c 0x20c000
LOAD 0x500010 0x210000
LOAD 0x500014 0x214000
ALU 0x500018
BRANCH 0x50001c T
LOAD 0x500000 0x200040
LOAD 0x500004 0x204040
LOAD 0x500008 0x208040
LOAD 0x50000c 0x20c040
LOAD 0x500010 0x210040
LOAD 0x500014 0x214040
ALU 0x500018
BRANCH 0x50001c T
LOAD 0x500000 0x200080
LOAD 0x500004 0x204080
LOAD 0x500008 0x208080
LOAD 0x50000c 0x20c080
LOAD 0x500010 0x210080
LOAD 0x500014 0x214080
ALU 0x500018
BRANCH 0x50001c T
LOAD 0x500000 0x2000c0
LOAD 0x500004 0x2040c0
LOAD 0x500008 0x2080c0
LOAD 0x50000c 0x20c0c0
LOAD 0x500010 0x2100c0
LOAD 0x500014 0x2140c0
ALU 0x500018
BRANCH 0x50001c T
LOAD 0x500000 0x200000
LOAD 0x500004 0x204000
LOAD 0x500008 0x208000
LOAD 0x50000c 0x20c000
LOAD 0x500010 0x210000
LOAD 0x500014 0x214000
ALU 0x500018
BRANCH 0x50001c T
LOAD 0x500000 0x200040
LOAD 0x500004 0x204040
LOAD 0x500008 0x208040
LOAD 0x50000c 0x20c040
LOAD 0x500010 0x210040
LOAD 0x500014 0x214040
ALU 0x500018
BRANCH 0x50001c T
LOAD 0x500000 0x200080
LOAD 0x500004 0x204080
LOAD 0x500008 0x208080
LOAD 0x50000c 0x20c080
LOAD 0x500010 0x210080
LOAD 0x500014 0x214080
ALU 0x500018
BRANCH 0x50001c T
LOAD 0x500000 0x2000c0
LOAD 0x500004 0x2040c0
LOAD 0x500008 0x2080c0
LOAD 0x50000c 0x20c0c0
LOAD 0x500010 0x2100c0
LOAD 0x500014 0x2140c0
ALU 0x500018
BRANCH 0x50001c T
LOAD 0x500000 0x200000
LOAD 0x500004 0x204000
LOAD 0x500008 0x208000
LOAD 0x50000c 0x20c000
LOAD 0x500010 0x210000
LOAD 0x500014 0x214000
ALU 0x500018
BRANCH 0x50001c T
LOAD 0x500000 0x200040
LOAD 0x500004 0x204040
LOAD 0x500008 0x208040
LOAD 0x50000c 0x20c040
LOAD 0x500010 0x210040
LOAD 0x500014 0x214040
ALU 0x500018
BRANCH 0x50001c T
LOAD 0x500000 0x200080
LOAD 0x500004 0x204080
LOAD 0x500008 0x208080
LOAD 0x50000c 0x20c080
LOAD 0x500010 0x210080
LOAD 0x500014 0x214080
ALU 0x500018
BRANCH 0x50001c T
LOAD 0x500000 0x2000c0
LOAD 0x500004 0x2040c0
LOAD 0x500008 0x2080c0
LOAD 0x50000c 0x20c0c0
LOAD 0x500010 0x2100c0
LOAD 0x500014 0x2140c0
ALU 0x500018
BRANCH 0x50001c T
LOAD 0x500000 0x200000
LOAD 0x500004 0x204000
LOAD 0x500008 0x208000
LOAD 0x50000c 0x20c000
LOAD 0x500010 0x210000
LOAD 0x500014 0x214000
ALU 0x500018
BRANCH 0x50001c T
LOAD 0x500000 0x200040
LOAD 0x500004 0x204040
LOAD 0x500008 0x208040
LOAD 0x50000c 0x20c040
LOAD 0x500010 0x210040
LOAD 0x500014 0x214040
ALU 0x500018
BRANCH 0x50001c T
LOAD 0x500000 0x200080
LOAD 0x500004 0x204080
LOAD 0x500008 0x208080
LOAD 0x50000c 0x20c080
LOAD 0x500010 0x210080
LOAD 0x500014 0x214080
ALU 0x500018
BRANCH 0x50001c T
LOAD 0x500000 0x2000c0
LOAD 0x500004 0x2040c0
LOAD 0x500008 0x2080c0
LOAD 0x50000c 0x20c0c0
LOAD 0x500010 0x2100c0
LOAD 0x500014 0x2140c0
ALU 0x500018
BRANCH 0x50001c T
LOAD 0x500000 0x200000
LOAD 0x500004 0x204000
LOAD 0x500008 0x208000
LOAD 0x50000c 0x20c000
LOAD 0x500010 0x210000
LOAD 0x500014 0x214000
ALU 0x500018
BRANCH 0x50001c T
LOAD 0x500000 0x200040
LOAD 0x500004 0x204040
LOAD 0x500008 0x208040
LOAD 0x50000c 0x20c040
LOAD 0x500010 0x210040
LOAD 0x500014 0x214040
ALU 0x500018
BRANCH 0x50001c T
LOAD 0x500000 0x200080
LOAD 0x500004 0x204080
LOAD 0x500008 0x208080
LOAD 0x50000c 0x20c080
LOAD 0x500010 0x210080
LOAD 0x500014 0x214080
ALU 0x500018
BRANCH 0x50001c T
LOAD 0x500000 0x2000c0
LOAD 0x500004 0x2040c0
LOAD 0x500008 0x2080c0
LOAD 0x50000c 0x20c0c0
LOAD 0x500010 0x2100c0
LOAD 0x500014 0x2140c0
ALU 0x500018
BRANCH 0x50001c T
LOAD 0x500000 0x200000
LOAD 0x500004 0x204000
LOAD 0x500008 0x208000
LOAD 0x50000c 0x20c000
LOAD 0x500010 0x210000
LOAD 0x500014 0x214000
ALU 0x500018
BRANCH 0x50001c T
LOAD 0x500000 0x200040
LOAD 0x500004 0x204040
LOAD 0x500008 0x208040
LOAD 0x50000c 0x20c040
LOAD 0x500010 0x210040
LOAD 0x500014 0x214040
ALU 0x500018
BRANCH 0x50001c T
LOAD 0x500000 0x200080
LOAD 0x500004 0x204080
LOAD 0x500008 0x208080
LOAD 0x50000c 0x20c080
LOAD 0x500010 0x210080
LOAD 0x500014 0x214080
ALU 0x500018
BRANCH 0x50001c T
LOAD 0x500000 0x2000c0
LOAD 0x500004 0x2040c0
LOAD 0x500008 0x2080c0
LOAD 0x50000c 0x20c0c0
LOAD 0x500010 0x2100c0
LOAD 0x500014 0x2140c0
ALU 0x500018
BRANCH 0x50001c T
LOAD 0x500000 0x200000
LOAD 0x500004 0x204000
LOAD 0x500008 0x208000
LOAD 0x50000c 0x20c000
LOAD 0x500010 0x210000
LOAD 0x500014 0x214000
ALU 0x500018
BRANCH 0x50001c T
LOAD 0x500000 0x200040
LOAD 0x500004 0x204040
LOAD 0x500008 0x208040
LOAD 0x50000c 0x20c040
LOAD 0x500010 0x210040
LOAD 0x500014 0x214040
ALU 0x500018
BRANCH 0x50001c T
LOAD 0x500000 0x200080
LOAD 0x500004 0x204080
LOAD 0x500008 0x208080
LOAD 0x50000c 0x20c080
LOAD 0x500010 0x210080
LOAD 0x500014 0x214080
ALU 0x500018
BRANCH 0x50001c T
LOAD 0x500000 0x2000c0
LOAD 0x500004 0x2040c0
LOAD 0x500008 0x2080c0
LOAD 0x50000c 0x20c0c0
LOAD 0x500010 0x2100c0
LOAD 0x500014 0x2140c0
ALU 0x500018
BRANCH 0x50001c T
LOAD 0x500000 0x200000
LOAD 0x500004 0x204000
LOAD 0x500008 0x208000
LOAD 0x50000c 0x20c000
LOAD 0x500010 0x210000
LOAD 0x500014 0x214000
ALU 0x500018
BRANCH 0x50001c T
LOAD 0x500000 0x200040
LOAD 0x500004 0x204040
LOAD 0x500008 0x208040
LOAD 0x50000c 0x20c040
LOAD 0x500010 0x210040
LOAD 0x500014 0x214040
ALU 0x500018
BRANCH 0x50001c T
LOAD 0x500000 0x200080
LOAD 0x500004 0x204080
LOAD 0x500008 0x208080
LOAD 0x50000c 0x20c080
LOAD 0x500010 0x210080
LOAD 0x500014 0x214080
ALU 0x500018
BRANCH 0x50001c T
LOAD 0x500000 0x2000c0
LOAD 0x500004 0x2040c0
LOAD 0x500008 0x2080c0
LOAD 0x50000c 0x20c0c0
LOAD 0x500010 0x2100c0
LOAD 0x500014 0x2140c0
ALU 0x500018
BRANCH 0x50001c T
LOAD 0x500000 0x200000
LOAD 0x500004 0x204000
LOAD 0x500008 0x208000
LOAD 0x50000c 0x20c000
LOAD 0x500010 0x210000
LOAD 0x500014 0x214000
ALU 0x500018
BRANCH 0x50001c T
LOAD 0x500000 0x200040
LOAD 0x500004 0x204040
LOAD 0x500008 0x208040
LOAD 0x50000c 0x20c040
LOAD 0x500010 0x210040
LOAD 0x500014 0x214040
ALU 0x500018
BRANCH 0x50001c T
LOAD 0x500000 0x200080
LOAD 0x500004 0x204080
LOAD 0x500008 0x208080
LOAD 0x50000c 0x20c080
LOAD 0x500010 0x210080
LOAD 0x500014 0x214080
ALU 0x500018
BRANCH 0x50001c T
LOAD 0x500000 0x2000c0
LOAD 0x500004 0x2040c0
LOAD 0x500008 0x2080c0
LOAD 0x50000c 0x20c0c0
LOAD 0x500010 0x2100c0
LOAD 0x500014 0x2140c0
ALU 0x500018
BRANCH 0x50001c T
LOAD 0x500000 0x200000
LOAD 0x500004 0x204000
LOAD 0x500008 0x208000
LOAD 0x50000c 0x20c000
LOAD 0x500010 0x210000
LOAD 0x500014 0x214000
ALU 0x500018
BRANCH 0x50001c T
LOAD 0x500000 0x200040
LOAD 0x500004 0x204040
LOAD 0x500008 0x208040
LOAD 0x50000c 0x20c040
LOAD 0x500010 0x210040
LOAD 0x500014 0x214040
ALU 0x500018
BRANCH 0x50001c T
LOAD 0x500000 0x200080
LOAD 0x500004 0x204080
LOAD 0x500008 0x208080
LOAD 0x50000c 0x20c080
LOAD 0x500010 0x210080
LOAD 0x500014 0x214080
ALU 0x500018
BRANCH 0x50001c T
LOAD 0x500000 0x2000c0
LOAD 0x500004 0x2040c0
LOAD 0x500008 0x2080c0
LOAD 0x50000c 0x20c0c0
LOAD 0x500010 0x2100c0
LOAD 0x500014 0x2140c0
ALU 0x500018
BRANCH 0x50001c T
LOAD 0x500000 0x200000
LOAD 0x500004 0x204000
LOAD 0x500008 0x208000
LOAD 0x50000c 0x20c000
LOAD 0x500010 0x210000
LOAD 0x500014 0x214000
ALU 0x500018
BRANCH 0x50001c T
LOAD 0x500000 0x200040
LOAD 0x500004 0x204040
LOAD 0x500008 0x208040
LOAD 0x50000c 0x20c040
LOAD 0x500010 0x210040
LOAD 0x500014 0x214040
ALU 0x500018
BRANCH 0x50001c T
LOAD 0x500000 0x200080
LOAD 0x500004 0x204080
LOAD 0x500008 0x208080
LOAD 0x50000c 0x20c080
LOAD 0x500010 0x210080
LOAD 0x500014 0x214080
ALU 0x500018
BRANCH 0x50001c T
LOAD 0x500000 0x2000c0
LOAD 0x500004 0x2040c0
LOAD 0x500008 0x2080c0
LOAD 0x50000c 0x20c0c0
LOAD 0x500010 0x2100c0
LOAD 0x500014 0x2140c0
ALU 0x500018
BRANCH 0x50001c T
LOAD 0x500000 0x200000
LOAD 0x500004 0x204000
LOAD 0x500008 0x208000
LOAD 0x50000c 0x20c000
LOAD 0x500010 0x210000
LOAD 0x500014 0x214000
ALU 0x500018
BRANCH 0x50001c T
LOAD 0x500000 0x200040
LOAD 0x500004 0x204040
LOAD 0x500008 0x208040
LOAD 0x50000c 0x20c040
LOAD 0x500010 0x210040
LOAD 0x500014 0x214040
ALU 0x500018
BRANCH 0x50001c T
LOAD 0x500000 0x200080
LOAD 0x500004 0x204080
LOAD 0x500008 0x208080
LOAD 0x50000c 0x20c080
LOAD 0x500010 0x210080
LOAD 0x500014 0x214080
ALU 0x500018
BRANCH 0x50001c T
LOAD 0x500000 0x2000c0
LOAD 0x500004 0x2040c0
LOAD 0x500008 0x2080c0
LOAD 0x50000c 0x20c0c0
LOAD 0x500010 0x2100c0
LOAD 0x500014 0x2140c0
ALU 0x500018
BRANCH 0x50001c T
LOAD 0x500000 0x200000
LOAD 0x500004 0x204000
LOAD 0x500008 0x208000
LOAD 0x50000c 0x20c000
LOAD 0x500010 0x210000
LOAD 0x500014 0x214000
ALU 0x500018
BRANCH 0x50001c T
LOAD 0x500000 0x200040
LOAD 0x500004 0x204040
LOAD 0x500008 0x208040
LOAD 0x50000c 0x20c040
LOAD 0x500010 0x210040
LOAD 0x500014 0x214040
ALU 0x500018
BRANCH 0x50001c T
LOAD 0x500000 0x200080
LOAD 0x500004 0x204080
LOAD 0x500008 0x208080
LOAD 0x50000c 0x20c080
LOAD 0x500010 0x210080
LOAD 0x500014 0x214080
ALU 0x500018
BRANCH 0x50001c T
LOAD 0x500000 0x2000c0
LOAD 0x500004 0x2040c0
LOAD 0x500008 0x2080c0
LOAD 0x50000c 0x20c0c0
LOAD 0x500010 0x2100c0
LOAD 0x500014 0x2140c0
ALU 0x500018
BRANCH 0x50001c T
LOAD 0x500000 0x200000
LOAD 0x500004 0x204000
LOAD 0x500008 0x208000
LOAD 0x50000c 0x20c000
LOAD 0x500010 0x210000
LOAD 0x500014 0x214000
ALU 0x500018
BRANCH 0x50001c T
LOAD 0x500000 0x200040
LOAD 0x500004 0x204040
LOAD 0x500008 0x208040
LOAD 0x50000c 0x20c040
LOAD 0x500010 0x210040
LOAD 0x500014 0x214040
ALU 0x500018
BRANCH 0x50001c T
LOAD 0x500000 0x200080
LOAD 0x500004 0x204080
LOAD 0x500008 0x208080
LOAD 0x50000c 0x20c080
LOAD 0x500010 0x210080
LOAD 0x500014 0x214080
ALU 0x500018
BRANCH 0x50001c T
LOAD 0x500000 0x2000c0
LOAD 0x500004 0x2040c0
LOAD 0x500008 0x2080c0
LOAD 0x50000c 0x20c0c0
LOAD 0x500010 0x2100c0
LOAD 0x500014 0x2140c0
ALU 0x500018
BRANCH 0x50001c T
LOAD 0x500000 0x200000
LOAD 0x500004 0x204000
LOAD 0x500008 0x208000
LOAD 0x50000c 0x20c000
LOAD 0x500010 0x210000
LOAD 0x500014 0x214000
ALU 0x500018
BRANCH 0x50001c T
LOAD 0x500000 0x200040
LOAD 0x500004 0x204040
LOAD 0x500008 0x208040
LOAD 0x50000c 0x20c040
LOAD 0x500010 0x210040
LOAD 0x500014 0x214040
ALU 0x500018
BRANCH 0x50001c T
LOAD 0x500000 0x200080
LOAD 0x500004 0x204080
LOAD 0x500008 0x208080
LOAD 0x50000c 0x20c080
LOAD 0x500010 0x210080
LOAD 0x500014 0x214080
ALU 0x500018
BRANCH 0x50001c T
LOAD 0x500000 0x2000c0
LOAD 0x500004 0x2040c0
LOAD 0x500008 0x2080c0
LOAD 0x50000c 0x20c0c0
LOAD 0x500010 0x2100c0
LOAD 0x500014 0x2140c0
ALU 0x500018
BRANCH 0x50001c T
LOAD 0x500000 0x200000
LOAD 0x500004 0x204000
LOAD 0x500008 0x208000
LOAD 0x50000c 0x20c000
LOAD 0x500010 0x210000
LOAD 0x500014 0x214000
ALU 0x500018
BRANCH 0x50001c T
LOAD 0x500000 0x200040
LOAD 0x500004 0x204040
LOAD 0x500008 0x208040
LOAD 0x50000c 0x20c040
LOAD 0x500010 0x210040
LOAD 0x500014 0x214040
ALU 0x500018
BRANCH 0x50001c T
LOAD 0x500000 0x200080
LOAD 0x500004 0x204080
LOAD 0x500008 0x208080
LOAD 0x50000c 0x20c080
LOAD 0x500010 0x210080
LOAD 0x500014 0x214080
ALU 0x500018
BRANCH 0x50001c T
LOAD 0x500000 0x2000c0
LOAD 0x500004 0x2040c0
LOAD 0x500008 0x2080c0
LOAD 0x50000c 0x20c0c0
LOAD 0x500010 0x2100c0
LOAD 0x500014 0x2140c0
ALU 0x500018
BRANCH 0x50001c N
