# Mixed workload with locality, conflict misses, and branch pressure.
ALU 0x400000
LOAD 0x400004 0x100000
LOAD 0x400008 0x100040
ALU 0x40000c
STORE 0x400010 0x100080
LOAD 0x400014 0x1000c0
ALU 0x400018
BRANCH 0x40001c T
ALU 0x400000
LOAD 0x400004 0x100100
LOAD 0x400008 0x100140
ALU 0x40000c
STORE 0x400010 0x100180
LOAD 0x400014 0x1001c0
ALU 0x400018
BRANCH 0x40001c T
ALU 0x400000
LOAD 0x400004 0x100200
LOAD 0x400008 0x100240
ALU 0x40000c
STORE 0x400010 0x100280
LOAD 0x400014 0x1002c0
ALU 0x400018
BRANCH 0x40001c T
ALU 0x400000
LOAD 0x400004 0x100300
LOAD 0x400008 0x100340
ALU 0x40000c
STORE 0x400010 0x100380
LOAD 0x400014 0x1003c0
ALU 0x400018
BRANCH 0x40001c T
ALU 0x400000
LOAD 0x400004 0x100400
LOAD 0x400008 0x100440
ALU 0x40000c
STORE 0x400010 0x100480
LOAD 0x400014 0x1004c0
ALU 0x400018
BRANCH 0x40001c T
ALU 0x400000
LOAD 0x400004 0x100500
LOAD 0x400008 0x100540
ALU 0x40000c
STORE 0x400010 0x100580
LOAD 0x400014 0x1005c0
ALU 0x400018
BRANCH 0x40001c T
ALU 0x400000
LOAD 0x400004 0x100600
LOAD 0x400008 0x100640
ALU 0x40000c
STORE 0x400010 0x100680
LOAD 0x400014 0x1006c0
ALU 0x400018
BRANCH 0x40001c T
ALU 0x400000
LOAD 0x400004 0x100700
LOAD 0x400008 0x100740
ALU 0x40000c
STORE 0x400010 0x100780
LOAD 0x400014 0x1007c0
ALU 0x400018
BRANCH 0x40001c T
ALU 0x400000
LOAD 0x400004 0x100800
LOAD 0x400008 0x100840
ALU 0x40000c
STORE 0x400010 0x100880
LOAD 0x400014 0x1008c0
ALU 0x400018
BRANCH 0x40001c T
ALU 0x400000
LOAD 0x400004 0x100900
LOAD 0x400008 0x100940
ALU 0x40000c
STORE 0x400010 0x100980
LOAD 0x400014 0x1009c0
ALU 0x400018
BRANCH 0x40001c T
ALU 0x400000
LOAD 0x400004 0x100a00
LOAD 0x400008 0x100a40
ALU 0x40000c
STORE 0x400010 0x100a80
LOAD 0x400014 0x100ac0
ALU 0x400018
BRANCH 0x40001c T
ALU 0x400000
LOAD 0x400004 0x100b00
LOAD 0x400008 0x100b40
ALU 0x40000c
STORE 0x400010 0x100b80
LOAD 0x400014 0x100bc0
ALU 0x400018
BRANCH 0x40001c T
ALU 0x400000
LOAD 0x400004 0x100c00
LOAD 0x400008 0x100c40
ALU 0x40000c
STORE 0x400010 0x100c80
LOAD 0x400014 0x100cc0
ALU 0x400018
BRANCH 0x40001c T
ALU 0x400000
LOAD 0x400004 0x100d00
LOAD 0x400008 0x100d40
ALU 0x40000c
STORE 0x400010 0x100d80
LOAD 0x400014 0x100dc0
ALU 0x400018
BRANCH 0x40001c T
ALU 0x400000
LOAD 0x400004 0x100e00
LOAD 0x400008 0x100e40
ALU 0x40000c
STORE 0x400010 0x100e80
LOAD 0x400014 0x100ec0
ALU 0x400018
BRANCH 0x40001c T
ALU 0x400000
LOAD 0x400004 0x100f00
LOAD 0x400008 0x100f40
ALU 0x40000c
STORE 0x400010 0x100f80
LOAD 0x400014 0x100fc0
ALU 0x400018
BRANCH 0x40001c T
ALU 0x400000
LOAD 0x400004 0x101000
LOAD 0x400008 0x101040
ALU 0x40000c
STORE 0x400010 0x101080
LOAD 0x400014 0x1010c0
ALU 0x400018
BRANCH 0x40001c T
ALU 0x400000
LOAD 0x400004 0x101100
LOAD 0x400008 0x101140
ALU 0x40000c
STORE 0x400010 0x101180
LOAD 0x400014 0x1011c0
ALU 0x400018
BRANCH 0x40001c T
ALU 0x400000
LOAD 0x400004 0x101200
LOAD 0x400008 0x101240
ALU 0x40000c
STORE 0x400010 0x101280
LOAD 0x400014 0x1012c0
ALU 0x400018
BRANCH 0x40001c T
ALU 0x400000
LOAD 0x400004 0x101300
LOAD 0x400008 0x101340
ALU 0x40000c
STORE 0x400010 0x101380
LOAD 0x400014 0x1013c0
ALU 0x400018
BRANCH 0x40001c T
ALU 0x400000
LOAD 0x400004 0x101400
LOAD 0x400008 0x101440
ALU 0x40000c
STORE 0x400010 0x101480
LOAD 0x400014 0x1014c0
ALU 0x400018
BRANCH 0x40001c T
ALU 0x400000
LOAD 0x400004 0x101500
LOAD 0x400008 0x101540
ALU 0x40000c
STORE 0x400010 0x101580
LOAD 0x400014 0x1015c0
ALU 0x400018
BRANCH 0x40001c T
ALU 0x400000
LOAD 0x400004 0x101600
LOAD 0x400008 0x101640
ALU 0x40000c
STORE 0x400010 0x101680
LOAD 0x400014 0x1016c0
ALU 0x400018
BRANCH 0x40001c T
ALU 0x400000
LOAD 0x400004 0x101700
LOAD 0x400008 0x101740
ALU 0x40000c
STORE 0x400010 0x101780
LOAD 0x400014 0x1017c0
ALU 0x400018
BRANCH 0x40001c T
ALU 0x400000
LOAD 0x400004 0x101800
LOAD 0x400008 0x101840
ALU 0x40000c
STORE 0x400010 0x101880
LOAD 0x400014 0x1018c0
ALU 0x400018
BRANCH 0x40001c T
ALU 0x400000
LOAD 0x400004 0x101900
LOAD 0x400008 0x101940
ALU 0x40000c
STORE 0x400010 0x101980
LOAD 0x400014 0x1019c0
ALU 0x400018
BRANCH 0x40001c T
ALU 0x400000
LOAD 0x400004 0x101a00
LOAD 0x400008 0x101a40
ALU 0x40000c
STORE 0x400010 0x101a80
LOAD 0x400014 0x101ac0
ALU 0x400018
BRANCH 0x40001c T
ALU 0x400000
LOAD 0x400004 0x101b00
LOAD 0x400008 0x101b40
ALU 0x40000c
STORE 0x400010 0x101b80
LOAD 0x400014 0x101bc0
ALU 0x400018
BRANCH 0x40001c T
ALU 0x400000
LOAD 0x400004 0x101c00
LOAD 0x400008 0x101c40
ALU 0x40000c
STORE 0x400010 0x101c80
LOAD 0x400014 0x101cc0
ALU 0x400018
BRANCH 0x40001c T
ALU 0x400000
LOAD 0x400004 0x101d00
LOAD 0x400008 0x101d40
ALU 0x40000c
STORE 0x400010 0x101d80
LOAD 0x400014 0x101dc0
ALU 0x400018
BRANCH 0x40001c T
ALU 0x400000
LOAD 0x400004 0x101e00
LOAD 0x400008 0x101e40
ALU 0x40000c
STORE 0x400010 0x101e80
LOAD 0x400014 0x101ec0
ALU 0x400018
BRANCH 0x40001c T
ALU 0x400000
LOAD 0x400004 0x101f00
LOAD 0x400008 0x101f40
ALU 0x40000c
STORE 0x400010 0x101f80
LOAD 0x400014 0x101fc0
ALU 0x400018
BRANCH 0x40001c T
LOAD 0x500000 0x200000
LOAD 0x500004 0x204000
LOAD 0x500008 0x208000
LOAD 0x50000c 0x20c000
LOAD 0x500010 0x210000
LOAD 0x500014 0x214000
ALU 0x500018
BRANCH 0x50001c T
LOAD 0x500000 0x200040
LOAD 0x500004 0x204040
LOAD 0x500008 0x208040
LOAD 0x50000c 0x20c040
LOAD 0x500010 0x210040
LOAD 0x500014 0x214040
ALU 0x500018
BRANCH 0x50001c T
LOAD 0x500000 0x200080
LOAD 0x500004 0x204080
LOAD 0x500008 0x208080
LOAD 0x50000c 0x20c080
LOAD 0x500010 0x210080
LOAD 0x500014 0x214080
ALU 0x500018
BRANCH 0x50001c T
LOAD 0x500000 0x2000c0
LOAD 0x500004 0x2040c0
LOAD 0x500008 0x2080c0
LOAD 0x50000c 0x20c0c0
LOAD 0x500010 0x2100c0
LOAD 0x500014 0x2140c0
ALU 0x500018
BRANCH 0x50001c T
LOAD 0x500000 0x200000
LOAD 0x500004 0x204000
LOAD 0x500008 0x208000
LOAD 0x50000c 0x20c000
LOAD 0x500010 0x210000
LOAD 0x500014 0x214000
ALU 0x500018
BRANCH 0x50001c T
LOAD 0x500000 0x200040
LOAD 0x500004 0x204040
LOAD 0x500008 0x208040
LOAD 0x50000c 0x20c040
LOAD 0x500010 0x210040
LOAD 0x500014 0x214040
ALU 0x500018
BRANCH 0x50001c T
LOAD 0x500000 0x200080
LOAD 0x500004 0x204080
LOAD 0x500008 0x208080
LOAD 0x50000c 0x20c080
LOAD 0x500010 0x210080
LOAD 0x500014 0x214080
ALU 0x500018
BRANCH 0x50001c T
LOAD 0x500000 0x2000c0
LOAD 0x500004 0x2040c0
LOAD 0x500008 0x2080c0
LOAD 0x50000c 0x20c0c0
LOAD 0x500010 0x2100c0
LOAD 0x500014 0x2140c0
ALU 0x500018
BRANCH 0x50001c T
LOAD 0x500000 0x200000
LOAD 0x500004 0x204000
LOAD 0x500008 0x208000
LOAD 0x50000c 0x20c000
LOAD 0x500010 0x210000
LOAD 0x500014 0x214000
ALU 0x500018
BRANCH 0x50001c T
LOAD 0x500000 0x200040
LOAD 0x500004 0x204040
LOAD 0x500008 0x208040
LOAD 0x50000c 0x20c040
LOAD 0x500010 0x210040
LOAD 0x500014 0x214040
ALU 0x500018
BRANCH 0x50001c T
LOAD 0x500000 0x200080
LOAD 0x500004 0x204080
LOAD 0x500008 0x208080
LOAD 0x50000c 0x20c080
LOAD 0x500010 0x210080
LOAD 0x500014 0x214080
ALU 0x500018
BRANCH 0x50001c T
LOAD 0x500000 0x2000c0
LOAD 0x500004 0x2040c0
LOAD 0x500008 0x2080c0
LOAD 0x50000c 0x20c0c0
LOAD 0x500010 0x2100c0
LOAD 0x500014 0x2140c0
ALU 0x500018
BRANCH 0x50001c T
LOAD 0x500000 0x200000
LOAD 0x500004 0x204000
LOAD 0x500008 0x208000
LOAD 0x50000c 0x20c000
LOAD 0x500010 0x210000
LOAD 0x500014 0x214000
ALU 0x500018
BRANCH 0x50001c T
LOAD 0x500000 0x200040
LOAD 0x500004 0x204040
LOAD 0x500008 0x208040
LOAD 0x50000c 0x20c040
LOAD 0x500010 0x210040
LOAD 0x500014 0x214040
ALU 0x500018
BRANCH 0x50001c T
LOAD 0x500000 0x200080
LOAD 0x500004 0x204080
LOAD 0x500008 0x208080
LOAD 0x50000c 0x20c080
LOAD 0x500010 0x210080
LOAD 0x500014 0x214080
ALU 0x500018
BRANCH 0x50001c T
LOAD 0x500000 0x2000c0
LOAD 0x500004 0x2040c0
LOAD 0x500008 0x2080c0
LOAD 0x50000c 0x20c0c0
LOAD 0x500010 0x2100c0
LOAD 0x500014 0x2140c0
ALU 0x500018
BRANCH 0x50001c T
LOAD 0x500000 0x200000
LOAD 0x500004 0x204000
LOAD 0x500008 0x208000
LOAD 0x50000c 0x20c000
LOAD 0x500010 0x210000
LOAD 0x500014 0x214000
ALU 0x500018
BRANCH 0x50001c T
LOAD 0x500000 0x200040
LOAD 0x500004 0x204040
LOAD 0x500008 0x208040
LOAD 0x50000c 0x20c040
LOAD 0x500010 0x210040
LOAD 0x500014 0x214040
ALU 0x500018
BRANCH 0x50001c T
LOAD 0x500000 0x200080
LOAD 0x500004 0x204080
LOAD 0x500008 0x208080
LOAD 0x50000c 0x20c080
LOAD 0x500010 0x210080
LOAD 0x500014 0x214080
ALU 0x500018
BRANCH 0x50001c T
LOAD 0x500000 0x2000c0
LOAD 0x500004 0x2040c0
LOAD 0x500008 0x2080c0
LOAD 0x50000c 0x20c0c0
LOAD 0x500010 0x2100c0
LOAD 0x500014 0x2140c0
ALU 0x500018
BRANCH 0x50001c T
LOAD 0x500000 0x200000
LOAD 0x500004 0x204000
LOAD 0x500008 0x208000
LOAD 0x50000c 0x20c000
LOAD 0x500010 0x210000
LOAD 0x500014 0x214000
ALU 0x500018
BRANCH 0x50001c T
LOAD 0x500000 0x200040
LOAD 0x500004 0x204040
LOAD 0x500008 0x208040
LOAD 0x50000c 0x20c040
LOAD 0x500010 0x210040
LOAD 0x500014 0x214040
ALU 0x500018
BRANCH 0x50001c T
LOAD 0x500000 0x200080
LOAD 0x500004 0x204080
LOAD 0x500008 0x208080
LOAD 0x50000c 0x20c080
LOAD 0x500010 0x210080
LOAD 0x500014 0x214080
ALU 0x500018
BRANCH 0x50001c T
LOAD 0x500000 0x2000c0
LOAD 0x500004 0x2040c0
LOAD 0x500008 0x2080c0
LOAD 0x50000c 0x20c0c0
LOAD 0x500010 0x2100c0
LOAD 0x500014 0x2140c0
ALU 0x500018
BRANCH 0x50001c T
LOAD 0x500000 0x200000
LOAD 0x500004 0x204000
LOAD 0x500008 0x208000
LOAD 0x50000c 0x20c000
LOAD 0x500010 0x210000
LOAD 0x500014 0x214000
ALU 0x500018
BRANCH 0x50001c T
LOAD 0x500000 0x200040
LOAD 0x500004 0x204040
LOAD 0x500008 0x208040
LOAD 0x50000c 0x20c040
LOAD 0x500010 0x210040
LOAD 0x500014 0x214040
ALU 0x500018
BRANCH 0x50001c T
LOAD 0x500000 0x200080
LOAD 0x500004 0x204080
LOAD 0x500008 0x208080
LOAD 0x50000c 0x20c080
LOAD 0x500010 0x210080
LOAD 0x500014 0x214080
ALU 0x500018
BRANCH 0x50001c T
LOAD 0x500000 0x2000c0
LOAD 0x500004 0x2040c0
LOAD 0x500008 0x2080c0
LOAD 0x50000c 0x20c0c0
LOAD 0x500010 0x2100c0
LOAD 0x500014 0x2140c0
ALU 0x500018
BRANCH 0x50001c T
LOAD 0x500000 0x200000
LOAD 0x500004 0x204000
LOAD 0x500008 0x208000
LOAD 0x50000c 0x20c000
LOAD 0x500010 0x210000
LOAD 0x500014 0x214000
ALU 0x500018
BRANCH 0x50001c T
LOAD 0x500000 0x200040
LOAD 0x500004 0x204040
LOAD 0x500008 0x208040
LOAD 0x50000c 0x20c040
LOAD 0x500010 0x210040
LOAD 0x500014 0x214040
ALU 0x500018
BRANCH 0x50001c T
LOAD 0x500000 0x200080
LOAD 0x500004 0x204080
LOAD 0x500008 0x208080
LOAD 0x50000c 0x20c080
LOAD 0x500010 0x210080
LOAD 0x500014 0x214080
ALU 0x500018
BRANCH 0x50001c T
LOAD 0x500000 0x2000c0
LOAD 0x500004 0x2040c0
LOAD 0x500008 0x2080c0
LOAD 0x50000c 0x20c0c0
LOAD 0x500010 0x2100c0
LOAD 0x500014 0x2140c0
ALU 0x500018
BRANCH 0x50001c T
ALU 0x600000
BRANCH 0x600004 T
LOAD 0x600008 0x300000
ALU 0x60000c
BRANCH 0x600010 T
STORE 0x600014 0x301000
ALU 0x600000
BRANCH 0x600004 N
LOAD 0x600008 0x300020
ALU 0x60000c
BRANCH 0x600010 T
STORE 0x600014 0x301040
ALU 0x600000
BRANCH 0x600004 T
LOAD 0x600008 0x300040
ALU 0x60000c
BRANCH 0x600010 T
STORE 0x600014 0x301080
ALU 0x600000
BRANCH 0x600004 N
LOAD 0x600008 0x300060
ALU 0x60000c
BRANCH 0x600010 N
STORE 0x600014 0x3010c0
ALU 0x600000
BRANCH 0x600004 T
LOAD 0x600008 0x300080
ALU 0x60000c
BRANCH 0x600010 T
STORE 0x600014 0x301100
ALU 0x600000
BRANCH 0x600004 N
LOAD 0x600008 0x3000a0
ALU 0x60000c
BRANCH 0x600010 T
STORE 0x600014 0x301140
ALU 0x600000
BRANCH 0x600004 T
LOAD 0x600008 0x3000c0
ALU 0x60000c
BRANCH 0x600010 T
STORE 0x600014 0x301180
ALU 0x600000
BRANCH 0x600004 N
LOAD 0x600008 0x3000e0
ALU 0x60000c
BRANCH 0x600010 N
STORE 0x600014 0x3011c0
ALU 0x600000
BRANCH 0x600004 T
LOAD 0x600008 0x300100
ALU 0x60000c
BRANCH 0x600010 T
STORE 0x600014 0x301200
ALU 0x600000
BRANCH 0x600004 N
LOAD 0x600008 0x300120
ALU 0x60000c
BRANCH 0x600010 T
STORE 0x600014 0x301240
ALU 0x600000
BRANCH 0x600004 T
LOAD 0x600008 0x300140
ALU 0x60000c
BRANCH 0x600010 T
STORE 0x600014 0x301280
ALU 0x600000
BRANCH 0x600004 N
LOAD 0x600008 0x300160
ALU 0x60000c
BRANCH 0x600010 N
STORE 0x600014 0x3012c0
ALU 0x600000
BRANCH 0x600004 T
LOAD 0x600008 0x300180
ALU 0x60000c
BRANCH 0x600010 T
STORE 0x600014 0x301300
ALU 0x600000
BRANCH 0x600004 N
LOAD 0x600008 0x3001a0
ALU 0x60000c
BRANCH 0x600010 T
STORE 0x600014 0x301340
ALU 0x600000
BRANCH 0x600004 T
LOAD 0x600008 0x3001c0
ALU 0x60000c
BRANCH 0x600010 T
STORE 0x600014 0x301380
ALU 0x600000
BRANCH 0x600004 N
LOAD 0x600008 0x3001e0
ALU 0x60000c
BRANCH 0x600010 N
STORE 0x600014 0x3013c0
ALU 0x600000
BRANCH 0x600004 T
LOAD 0x600008 0x300200
ALU 0x60000c
BRANCH 0x600010 T
STORE 0x600014 0x301400
ALU 0x600000
BRANCH 0x600004 N
LOAD 0x600008 0x300220
ALU 0x60000c
BRANCH 0x600010 T
STORE 0x600014 0x301440
ALU 0x600000
BRANCH 0x600004 T
LOAD 0x600008 0x300240
ALU 0x60000c
BRANCH 0x600010 T
STORE 0x600014 0x301480
ALU 0x600000
BRANCH 0x600004 N
LOAD 0x600008 0x300260
ALU 0x60000c
BRANCH 0x600010 N
STORE 0x600014 0x3014c0
ALU 0x600000
BRANCH 0x600004 T
LOAD 0x600008 0x300280
ALU 0x60000c
BRANCH 0x600010 T
STORE 0x600014 0x301500
ALU 0x600000
BRANCH 0x600004 N
LOAD 0x600008 0x3002a0
ALU 0x60000c
BRANCH 0x600010 T
STORE 0x600014 0x301540
ALU 0x600000
BRANCH 0x600004 T
LOAD 0x600008 0x3002c0
ALU 0x60000c
BRANCH 0x600010 T
STORE 0x600014 0x301580
ALU 0x600000
BRANCH 0x600004 N
LOAD 0x600008 0x3002e0
ALU 0x60000c
BRANCH 0x600010 N
STORE 0x600014 0x3015c0
ALU 0x600000
BRANCH 0x600004 T
LOAD 0x600008 0x300300
ALU 0x60000c
BRANCH 0x600010 T
STORE 0x600014 0x301600
ALU 0x600000
BRANCH 0x600004 N
LOAD 0x600008 0x300320
ALU 0x60000c
BRANCH 0x600010 T
STORE 0x600014 0x301640
ALU 0x600000
BRANCH 0x600004 T
LOAD 0x600008 0x300340
ALU 0x60000c
BRANCH 0x600010 T
STORE 0x600014 0x301680
ALU 0x600000
BRANCH 0x600004 N
LOAD 0x600008 0x300360
ALU 0x60000c
BRANCH 0x600010 N
STORE 0x600014 0x3016c0
ALU 0x600000
BRANCH 0x600004 T
LOAD 0x600008 0x300380
ALU 0x60000c
BRANCH 0x600010 T
STORE 0x600014 0x301700
ALU 0x600000
BRANCH 0x600004 N
LOAD 0x600008 0x3003a0
ALU 0x60000c
BRANCH 0x600010 T
STORE 0x600014 0x301740
ALU 0x600000
BRANCH 0x600004 T
LOAD 0x600008 0x3003c0
ALU 0x60000c
BRANCH 0x600010 T
STORE 0x600014 0x301780
ALU 0x600000
BRANCH 0x600004 N
LOAD 0x600008 0x3003e0
ALU 0x60000c
BRANCH 0x600010 N
STORE 0x600014 0x3017c0
ALU 0x600000
BRANCH 0x600004 T
LOAD 0x600008 0x300400
ALU 0x60000c
BRANCH 0x600010 T
STORE 0x600014 0x301000
ALU 0x600000
BRANCH 0x600004 N
LOAD 0x600008 0x300420
ALU 0x60000c
BRANCH 0x600010 T
STORE 0x600014 0x301040
ALU 0x600000
BRANCH 0x600004 T
LOAD 0x600008 0x300440
ALU 0x60000c
BRANCH 0x600010 T
STORE 0x600014 0x301080
ALU 0x600000
BRANCH 0x600004 N
LOAD 0x600008 0x300460
ALU 0x60000c
BRANCH 0x600010 N
STORE 0x600014 0x3010c0
ALU 0x600000
BRANCH 0x600004 T
LOAD 0x600008 0x300480
ALU 0x60000c
BRANCH 0x600010 T
STORE 0x600014 0x301100
ALU 0x600000
BRANCH 0x600004 N
LOAD 0x600008 0x3004a0
ALU 0x60000c
BRANCH 0x600010 T
STORE 0x600014 0x301140
ALU 0x600000
BRANCH 0x600004 T
LOAD 0x600008 0x3004c0
ALU 0x60000c
BRANCH 0x600010 T
STORE 0x600014 0x301180
ALU 0x600000
BRANCH 0x600004 N
LOAD 0x600008 0x3004e0
ALU 0x60000c
BRANCH 0x600010 N
STORE 0x600014 0x3011c0
ALU 0x600000
BRANCH 0x600004 T
LOAD 0x600008 0x300500
ALU 0x60000c
BRANCH 0x600010 T
STORE 0x600014 0x301200
ALU 0x600000
BRANCH 0x600004 N
LOAD 0x600008 0x300520
ALU 0x60000c
BRANCH 0x600010 T
STORE 0x600014 0x301240
ALU 0x600000
BRANCH 0x600004 T
LOAD 0x600008 0x300540
ALU 0x60000c
