# Streaming workload with strong spatial locality and a predictable loop branch.
ALU 0x400000
LOAD 0x400004 0x100000
LOAD 0x400008 0x100040
ALU 0x40000c
STORE 0x400010 0x100080
LOAD 0x400014 0x1000c0
ALU 0x400018
BRANCH 0x40001c T
ALU 0x400000
LOAD 0x400004 0x100100
LOAD 0x400008 0x100140
ALU 0x40000c
STORE 0x400010 0x100180
LOAD 0x400014 0x1001c0
ALU 0x400018
BRANCH 0x40001c T
ALU 0x400000
LOAD 0x400004 0x100200
LOAD 0x400008 0x100240
ALU 0x40000c
STORE 0x400010 0x100280
LOAD 0x400014 0x1002c0
ALU 0x400018
BRANCH 0x40001c T
ALU 0x400000
LOAD 0x400004 0x100300
LOAD 0x400008 0x100340
ALU 0x40000c
STORE 0x400010 0x100380
LOAD 0x400014 0x1003c0
ALU 0x400018
BRANCH 0x40001c T
ALU 0x400000
LOAD 0x400004 0x100400
LOAD 0x400008 0x100440
ALU 0x40000c
STORE 0x400010 0x100480
LOAD 0x400014 0x1004c0
ALU 0x400018
BRANCH 0x40001c T
ALU 0x400000
LOAD 0x400004 0x100500
LOAD 0x400008 0x100540
ALU 0x40000c
STORE 0x400010 0x100580
LOAD 0x400014 0x1005c0
ALU 0x400018
BRANCH 0x40001c T
ALU 0x400000
LOAD 0x400004 0x100600
LOAD 0x400008 0x100640
ALU 0x40000c
STORE 0x400010 0x100680
LOAD 0x400014 0x1006c0
ALU 0x400018
BRANCH 0x40001c T
ALU 0x400000
LOAD 0x400004 0x100700
LOAD 0x400008 0x100740
ALU 0x40000c
STORE 0x400010 0x100780
LOAD 0x400014 0x1007c0
ALU 0x400018
BRANCH 0x40001c T
ALU 0x400000
LOAD 0x400004 0x100800
LOAD 0x400008 0x100840
ALU 0x40000c
STORE 0x400010 0x100880
LOAD 0x400014 0x1008c0
ALU 0x400018
BRANCH 0x40001c T
ALU 0x400000
LOAD 0x400004 0x100900
LOAD 0x400008 0x100940
ALU 0x40000c
STORE 0x400010 0x100980
LOAD 0x400014 0x1009c0
ALU 0x400018
BRANCH 0x40001c T
ALU 0x400000
LOAD 0x400004 0x100a00
LOAD 0x400008 0x100a40
ALU 0x40000c
STORE 0x400010 0x100a80
LOAD 0x400014 0x100ac0
ALU 0x400018
BRANCH 0x40001c T
ALU 0x400000
LOAD 0x400004 0x100b00
LOAD 0x400008 0x100b40
ALU 0x40000c
STORE 0x400010 0x100b80
LOAD 0x400014 0x100bc0
ALU 0x400018
BRANCH 0x40001c T
ALU 0x400000
LOAD 0x400004 0x100c00
LOAD 0x400008 0x100c40
ALU 0x40000c
STORE 0x400010 0x100c80
LOAD 0x400014 0x100cc0
ALU 0x400018
BRANCH 0x40001c T
ALU 0x400000
LOAD 0x400004 0x100d00
LOAD 0x400008 0x100d40
ALU 0x40000c
STORE 0x400010 0x100d80
LOAD 0x400014 0x100dc0
ALU 0x400018
BRANCH 0x40001c T
ALU 0x400000
LOAD 0x400004 0x100e00
LOAD 0x400008 0x100e40
ALU 0x40000c
STORE 0x400010 0x100e80
LOAD 0x400014 0x100ec0
ALU 0x400018
BRANCH 0x40001c T
ALU 0x400000
LOAD 0x400004 0x100f00
LOAD 0x400008 0x100f40
ALU 0x40000c
STORE 0x400010 0x100f80
LOAD 0x400014 0x100fc0
ALU 0x400018
BRANCH 0x40001c T
ALU 0x400000
LOAD 0x400004 0x101000
LOAD 0x400008 0x101040
ALU 0x40000c
STORE 0x400010 0x101080
LOAD 0x400014 0x1010c0
ALU 0x400018
BRANCH 0x40001c T
ALU 0x400000
LOAD 0x400004 0x101100
LOAD 0x400008 0x101140
ALU 0x40000c
STORE 0x400010 0x101180
LOAD 0x400014 0x1011c0
ALU 0x400018
BRANCH 0x40001c T
ALU 0x400000
LOAD 0x400004 0x101200
LOAD 0x400008 0x101240
ALU 0x40000c
STORE 0x400010 0x101280
LOAD 0x400014 0x1012c0
ALU 0x400018
BRANCH 0x40001c T
ALU 0x400000
LOAD 0x400004 0x101300
LOAD 0x400008 0x101340
ALU 0x40000c
STORE 0x400010 0x101380
LOAD 0x400014 0x1013c0
ALU 0x400018
BRANCH 0x40001c T
ALU 0x400000
LOAD 0x400004 0x101400
LOAD 0x400008 0x101440
ALU 0x40000c
STORE 0x400010 0x101480
LOAD 0x400014 0x1014c0
ALU 0x400018
BRANCH 0x40001c T
ALU 0x400000
LOAD 0x400004 0x101500
LOAD 0x400008 0x101540
ALU 0x40000c
STORE 0x400010 0x101580
LOAD 0x400014 0x1015c0
ALU 0x400018
BRANCH 0x40001c T
ALU 0x400000
LOAD 0x400004 0x101600
LOAD 0x400008 0x101640
ALU 0x40000c
STORE 0x400010 0x101680
LOAD 0x400014 0x1016c0
ALU 0x400018
BRANCH 0x40001c T
ALU 0x400000
LOAD 0x400004 0x101700
LOAD 0x400008 0x101740
ALU 0x40000c
STORE 0x400010 0x101780
LOAD 0x400014 0x1017c0
ALU 0x400018
BRANCH 0x40001c T
ALU 0x400000
LOAD 0x400004 0x101800
LOAD 0x400008 0x101840
ALU 0x40000c
STORE 0x400010 0x101880
LOAD 0x400014 0x1018c0
ALU 0x400018
BRANCH 0x40001c T
ALU 0x400000
LOAD 0x400004 0x101900
LOAD 0x400008 0x101940
ALU 0x40000c
STORE 0x400010 0x101980
LOAD 0x400014 0x1019c0
ALU 0x400018
BRANCH 0x40001c T
ALU 0x400000
LOAD 0x400004 0x101a00
LOAD 0x400008 0x101a40
ALU 0x40000c
STORE 0x400010 0x101a80
LOAD 0x400014 0x101ac0
ALU 0x400018
BRANCH 0x40001c T
ALU 0x400000
LOAD 0x400004 0x101b00
LOAD 0x400008 0x101b40
ALU 0x40000c
STORE 0x400010 0x101b80
LOAD 0x400014 0x101bc0
ALU 0x400018
BRANCH 0x40001c T
ALU 0x400000
LOAD 0x400004 0x101c00
LOAD 0x400008 0x101c40
ALU 0x40000c
STORE 0x400010 0x101c80
LOAD 0x400014 0x101cc0
ALU 0x400018
BRANCH 0x40001c T
ALU 0x400000
LOAD 0x400004 0x101d00
LOAD 0x400008 0x101d40
ALU 0x40000c
STORE 0x400010 0x101d80
LOAD 0x400014 0x101dc0
ALU 0x400018
BRANCH 0x40001c T
ALU 0x400000
LOAD 0x400004 0x101e00
LOAD 0x400008 0x101e40
ALU 0x40000c
STORE 0x400010 0x101e80
LOAD 0x400014 0x101ec0
ALU 0x400018
BRANCH 0x40001c T
ALU 0x400000
LOAD 0x400004 0x101f00
LOAD 0x400008 0x101f40
ALU 0x40000c
STORE 0x400010 0x101f80
LOAD 0x400014 0x101fc0
ALU 0x400018
BRANCH 0x40001c T
ALU 0x400000
LOAD 0x400004 0x102000
LOAD 0x400008 0x102040
ALU 0x40000c
STORE 0x400010 0x102080
LOAD 0x400014 0x1020c0
ALU 0x400018
BRANCH 0x40001c T
ALU 0x400000
LOAD 0x400004 0x102100
LOAD 0x400008 0x102140
ALU 0x40000c
STORE 0x400010 0x102180
LOAD 0x400014 0x1021c0
ALU 0x400018
BRANCH 0x40001c T
ALU 0x400000
LOAD 0x400004 0x102200
LOAD 0x400008 0x102240
ALU 0x40000c
STORE 0x400010 0x102280
LOAD 0x400014 0x1022c0
ALU 0x400018
BRANCH 0x40001c T
ALU 0x400000
LOAD 0x400004 0x102300
LOAD 0x400008 0x102340
ALU 0x40000c
STORE 0x400010 0x102380
LOAD 0x400014 0x1023c0
ALU 0x400018
BRANCH 0x40001c T
ALU 0x400000
LOAD 0x400004 0x102400
LOAD 0x400008 0x102440
ALU 0x40000c
STORE 0x400010 0x102480
LOAD 0x400014 0x1024c0
ALU 0x400018
BRANCH 0x40001c T
ALU 0x400000
LOAD 0x400004 0x102500
LOAD 0x400008 0x102540
ALU 0x40000c
STORE 0x400010 0x102580
LOAD 0x400014 0x1025c0
ALU 0x400018
BRANCH 0x40001c T
ALU 0x400000
LOAD 0x400004 0x102600
LOAD 0x400008 0x102640
ALU 0x40000c
STORE 0x400010 0x102680
LOAD 0x400014 0x1026c0
ALU 0x400018
BRANCH 0x40001c T
ALU 0x400000
LOAD 0x400004 0x102700
LOAD 0x400008 0x102740
ALU 0x40000c
STORE 0x400010 0x102780
LOAD 0x400014 0x1027c0
ALU 0x400018
BRANCH 0x40001c T
ALU 0x400000
LOAD 0x400004 0x102800
LOAD 0x400008 0x102840
ALU 0x40000c
STORE 0x400010 0x102880
LOAD 0x400014 0x1028c0
ALU 0x400018
BRANCH 0x40001c T
ALU 0x400000
LOAD 0x400004 0x102900
LOAD 0x400008 0x102940
ALU 0x40000c
STORE 0x400010 0x102980
LOAD 0x400014 0x1029c0
ALU 0x400018
BRANCH 0x40001c T
ALU 0x400000
LOAD 0x400004 0x102a00
LOAD 0x400008 0x102a40
ALU 0x40000c
STORE 0x400010 0x102a80
LOAD 0x400014 0x102ac0
ALU 0x400018
BRANCH 0x40001c T
ALU 0x400000
LOAD 0x400004 0x102b00
LOAD 0x400008 0x102b40
ALU 0x40000c
STORE 0x400010 0x102b80
LOAD 0x400014 0x102bc0
ALU 0x400018
BRANCH 0x40001c T
ALU 0x400000
LOAD 0x400004 0x102c00
LOAD 0x400008 0x102c40
ALU 0x40000c
STORE 0x400010 0x102c80
LOAD 0x400014 0x102cc0
ALU 0x400018
BRANCH 0x40001c T
ALU 0x400000
LOAD 0x400004 0x102d00
LOAD 0x400008 0x102d40
ALU 0x40000c
STORE 0x400010 0x102d80
LOAD 0x400014 0x102dc0
ALU 0x400018
BRANCH 0x40001c T
ALU 0x400000
LOAD 0x400004 0x102e00
LOAD 0x400008 0x102e40
ALU 0x40000c
STORE 0x400010 0x102e80
LOAD 0x400014 0x102ec0
ALU 0x400018
BRANCH 0x40001c T
ALU 0x400000
LOAD 0x400004 0x102f00
LOAD 0x400008 0x102f40
ALU 0x40000c
STORE 0x400010 0x102f80
LOAD 0x400014 0x102fc0
ALU 0x400018
BRANCH 0x40001c T
ALU 0x400000
LOAD 0x400004 0x103000
LOAD 0x400008 0x103040
ALU 0x40000c
STORE 0x400010 0x103080
LOAD 0x400014 0x1030c0
ALU 0x400018
BRANCH 0x40001c T
ALU 0x400000
LOAD 0x400004 0x103100
LOAD 0x400008 0x103140
ALU 0x40000c
STORE 0x400010 0x103180
LOAD 0x400014 0x1031c0
ALU 0x400018
BRANCH 0x40001c T
ALU 0x400000
LOAD 0x400004 0x103200
LOAD 0x400008 0x103240
ALU 0x40000c
STORE 0x400010 0x103280
LOAD 0x400014 0x1032c0
ALU 0x400018
BRANCH 0x40001c T
ALU 0x400000
LOAD 0x400004 0x103300
LOAD 0x400008 0x103340
ALU 0x40000c
STORE 0x400010 0x103380
LOAD 0x400014 0x1033c0
ALU 0x400018
BRANCH 0x40001c T
ALU 0x400000
LOAD 0x400004 0x103400
LOAD 0x400008 0x103440
ALU 0x40000c
STORE 0x400010 0x103480
LOAD 0x400014 0x1034c0
ALU 0x400018
BRANCH 0x40001c T
ALU 0x400000
LOAD 0x400004 0x103500
LOAD 0x400008 0x103540
ALU 0x40000c
STORE 0x400010 0x103580
LOAD 0x400014 0x1035c0
ALU 0x400018
BRANCH 0x40001c T
ALU 0x400000
LOAD 0x400004 0x103600
LOAD 0x400008 0x103640
ALU 0x40000c
STORE 0x400010 0x103680
LOAD 0x400014 0x1036c0
ALU 0x400018
BRANCH 0x40001c T
ALU 0x400000
LOAD 0x400004 0x103700
LOAD 0x400008 0x103740
ALU 0x40000c
STORE 0x400010 0x103780
LOAD 0x400014 0x1037c0
ALU 0x400018
BRANCH 0x40001c T
ALU 0x400000
LOAD 0x400004 0x103800
LOAD 0x400008 0x103840
ALU 0x40000c
STORE 0x400010 0x103880
LOAD 0x400014 0x1038c0
ALU 0x400018
BRANCH 0x40001c T
ALU 0x400000
LOAD 0x400004 0x103900
LOAD 0x400008 0x103940
ALU 0x40000c
STORE 0x400010 0x103980
LOAD 0x400014 0x1039c0
ALU 0x400018
BRANCH 0x40001c T
ALU 0x400000
LOAD 0x400004 0x103a00
LOAD 0x400008 0x103a40
ALU 0x40000c
STORE 0x400010 0x103a80
LOAD 0x400014 0x103ac0
ALU 0x400018
BRANCH 0x40001c T
ALU 0x400000
LOAD 0x400004 0x103b00
LOAD 0x400008 0x103b40
ALU 0x40000c
STORE 0x400010 0x103b80
LOAD 0x400014 0x103bc0
ALU 0x400018
BRANCH 0x40001c T
ALU 0x400000
LOAD 0x400004 0x103c00
LOAD 0x400008 0x103c40
ALU 0x40000c
STORE 0x400010 0x103c80
LOAD 0x400014 0x103cc0
ALU 0x400018
BRANCH 0x40001c T
ALU 0x400000
LOAD 0x400004 0x103d00
LOAD 0x400008 0x103d40
ALU 0x40000c
STORE 0x400010 0x103d80
LOAD 0x400014 0x103dc0
ALU 0x400018
BRANCH 0x40001c T
ALU 0x400000
LOAD 0x400004 0x103e00
LOAD 0x400008 0x103e40
ALU 0x40000c
STORE 0x400010 0x103e80
LOAD 0x400014 0x103ec0
ALU 0x400018
BRANCH 0x40001c T
ALU 0x400000
LOAD 0x400004 0x103f00
LOAD 0x400008 0x103f40
ALU 0x40000c
STORE 0x400010 0x103f80
LOAD 0x400014 0x103fc0
ALU 0x400018
BRANCH 0x40001c T
ALU 0x400000
LOAD 0x400004 0x104000
LOAD 0x400008 0x104040
ALU 0x40000c
STORE 0x400010 0x104080
LOAD 0x400014 0x1040c0
ALU 0x400018
BRANCH 0x40001c T
ALU 0x400000
LOAD 0x400004 0x104100
LOAD 0x400008 0x104140
ALU 0x40000c
STORE 0x400010 0x104180
LOAD 0x400014 0x1041c0
ALU 0x400018
BRANCH 0x40001c T
ALU 0x400000
LOAD 0x400004 0x104200
LOAD 0x400008 0x104240
ALU 0x40000c
STORE 0x400010 0x104280
LOAD 0x400014 0x1042c0
ALU 0x400018
BRANCH 0x40001c T
ALU 0x400000
LOAD 0x400004 0x104300
LOAD 0x400008 0x104340
ALU 0x40000c
STORE 0x400010 0x104380
LOAD 0x400014 0x1043c0
ALU 0x400018
BRANCH 0x40001c T
ALU 0x400000
LOAD 0x400004 0x104400
LOAD 0x400008 0x104440
ALU 0x40000c
STORE 0x400010 0x104480
LOAD 0x400014 0x1044c0
ALU 0x400018
BRANCH 0x40001c T
ALU 0x400000
LOAD 0x400004 0x104500
LOAD 0x400008 0x104540
ALU 0x40000c
STORE 0x400010 0x104580
LOAD 0x400014 0x1045c0
ALU 0x400018
BRANCH 0x40001c T
ALU 0x400000
LOAD 0x400004 0x104600
LOAD 0x400008 0x104640
ALU 0x40000c
STORE 0x400010 0x104680
LOAD 0x400014 0x1046c0
ALU 0x400018
BRANCH 0x40001c T
ALU 0x400000
LOAD 0x400004 0x104700
LOAD 0x400008 0x104740
ALU 0x40000c
STORE 0x400010 0x104780
LOAD 0x400014 0x1047c0
ALU 0x400018
BRANCH 0x40001c T
ALU 0x400000
LOAD 0x400004 0x104800
LOAD 0x400008 0x104840
ALU 0x40000c
STORE 0x400010 0x104880
LOAD 0x400014 0x1048c0
ALU 0x400018
BRANCH 0x40001c T
ALU 0x400000
LOAD 0x400004 0x104900
LOAD 0x400008 0x104940
ALU 0x40000c
STORE 0x400010 0x104980
LOAD 0x400014 0x1049c0
ALU 0x400018
BRANCH 0x40001c T
ALU 0x400000
LOAD 0x400004 0x104a00
LOAD 0x400008 0x104a40
ALU 0x40000c
STORE 0x400010 0x104a80
LOAD 0x400014 0x104ac0
ALU 0x400018
BRANCH 0x40001c T
ALU 0x400000
LOAD 0x400004 0x104b00
LOAD 0x400008 0x104b40
ALU 0x40000c
STORE 0x400010 0x104b80
LOAD 0x400014 0x104bc0
ALU 0x400018
BRANCH 0x40001c T
ALU 0x400000
LOAD 0x400004 0x104c00
LOAD 0x400008 0x104c40
ALU 0x40000c
STORE 0x400010 0x104c80
LOAD 0x400014 0x104cc0
ALU 0x400018
BRANCH 0x40001c T
ALU 0x400000
LOAD 0x400004 0x104d00
LOAD 0x400008 0x104d40
ALU 0x40000c
STORE 0x400010 0x104d80
LOAD 0x400014 0x104dc0
ALU 0x400018
BRANCH 0x40001c T
ALU 0x400000
LOAD 0x400004 0x104e00
LOAD 0x400008 0x104e40
ALU 0x40000c
STORE 0x400010 0x104e80
LOAD 0x400014 0x104ec0
ALU 0x400018
BRANCH 0x40001c T
ALU 0x400000
LOAD 0x400004 0x104f00
LOAD 0x400008 0x104f40
ALU 0x40000c
STORE 0x400010 0x104f80
LOAD 0x400014 0x104fc0
ALU 0x400018
BRANCH 0x40001c T
ALU 0x400000
LOAD 0x400004 0x105000
LOAD 0x400008 0x105040
ALU 0x40000c
STORE 0x400010 0x105080
LOAD 0x400014 0x1050c0
ALU 0x400018
BRANCH 0x40001c T
ALU 0x400000
LOAD 0x400004 0x105100
LOAD 0x400008 0x105140
ALU 0x40000c
STORE 0x400010 0x105180
LOAD 0x400014 0x1051c0
ALU 0x400018
BRANCH 0x40001c T
ALU 0x400000
LOAD 0x400004 0x105200
LOAD 0x400008 0x105240
ALU 0x40000c
STORE 0x400010 0x105280
LOAD 0x400014 0x1052c0
ALU 0x400018
BRANCH 0x40001c T
ALU 0x400000
LOAD 0x400004 0x105300
LOAD 0x400008 0x105340
ALU 0x40000c
STORE 0x400010 0x105380
LOAD 0x400014 0x1053c0
ALU 0x400018
BRANCH 0x40001c T
ALU 0x400000
LOAD 0x400004 0x105400
LOAD 0x400008 0x105440
ALU 0x40000c
STORE 0x400010 0x105480
LOAD 0x400014 0x1054c0
ALU 0x400018
BRANCH 0x40001c T
ALU 0x400000
LOAD 0x400004 0x105500
LOAD 0x400008 0x105540
ALU 0x40000c
STORE 0x400010 0x105580
LOAD 0x400014 0x1055c0
ALU 0x400018
BRANCH 0x40001c T
ALU 0x400000
LOAD 0x400004 0x105600
LOAD 0x400008 0x105640
ALU 0x40000c
STORE 0x400010 0x105680
LOAD 0x400014 0x1056c0
ALU 0x400018
BRANCH 0x40001c T
ALU 0x400000
LOAD 0x400004 0x105700
LOAD 0x400008 0x105740
ALU 0x40000c
STORE 0x400010 0x105780
LOAD 0x400014 0x1057c0
ALU 0x400018
BRANCH 0x40001c T
ALU 0x400000
LOAD 0x400004 0x105800
LOAD 0x400008 0x105840
ALU 0x40000c
STORE 0x400010 0x105880
LOAD 0x400014 0x1058c0
ALU 0x400018
BRANCH 0x40001c T
ALU 0x400000
LOAD 0x400004 0x105900
LOAD 0x400008 0x105940
ALU 0x40000c
STORE 0x400010 0x105980
LOAD 0x400014 0x1059c0
ALU 0x400018
BRANCH 0x40001c T
ALU 0x400000
LOAD 0x400004 0x105a00
LOAD 0x400008 0x105a40
ALU 0x40000c
STORE 0x400010 0x105a80
LOAD 0x400014 0x105ac0
ALU 0x400018
BRANCH 0x40001c T
ALU 0x400000
LOAD 0x400004 0x105b00
LOAD 0x400008 0x105b40
ALU 0x40000c
STORE 0x400010 0x105b80
LOAD 0x400014 0x105bc0
ALU 0x400018
BRANCH 0x40001c T
ALU 0x400000
LOAD 0x400004 0x105c00
LOAD 0x400008 0x105c40
ALU 0x40000c
STORE 0x400010 0x105c80
LOAD 0x400014 0x105cc0
ALU 0x400018
BRANCH 0x40001c T
ALU 0x400000
LOAD 0x400004 0x105d00
LOAD 0x400008 0x105d40
ALU 0x40000c
STORE 0x400010 0x105d80
LOAD 0x400014 0x105dc0
ALU 0x400018
BRANCH 0x40001c T
ALU 0x400000
LOAD 0x400004 0x105e00
LOAD 0x400008 0x105e40
ALU 0x40000c
STORE 0x400010 0x105e80
LOAD 0x400014 0x105ec0
ALU 0x400018
BRANCH 0x40001c T
ALU 0x400000
LOAD 0x400004 0x105f00
LOAD 0x400008 0x105f40
ALU 0x40000c
STORE 0x400010 0x105f80
LOAD 0x400014 0x105fc0
ALU 0x400018
BRANCH 0x40001c N
